<?xml version="1.0" encoding="UTF-8"?>
<testng-results skipped="0" failed="1" ignored="0" total="1" passed="0">
  <reporter-output>
  </reporter-output>
  <suite name="Default suite" duration-ms="588" started-at="2016-12-16T12:57:21Z" finished-at="2016-12-16T12:57:22Z">
    <groups>
    </groups>
    <test name="Default test" duration-ms="588" started-at="2016-12-16T12:57:21Z" finished-at="2016-12-16T12:57:22Z">
      <class name="com.pskindero.spring.shell.SimpleExample.SimpleCommandTest">
        <test-method status="PASS" signature="startUp()[pri:0, instance:com.pskindero.spring.shell.SimpleExample.SimpleCommandTest@cc285f4]" name="startUp" is-config="true" duration-ms="558" started-at="2016-12-16T13:57:21Z" finished-at="2016-12-16T13:57:22Z">
          <reporter-output>
          </reporter-output>
        </test-method> <!-- startUp -->
        <test-method status="FAIL" signature="dateTest()[pri:0, instance:com.pskindero.spring.shell.SimpleExample.SimpleCommandTest@cc285f4]" name="dateTest" duration-ms="7" started-at="2016-12-16T13:57:22Z" finished-at="2016-12-16T13:57:22Z">
          <exception class="java.lang.NullPointerException">
            <full-stacktrace>
              <![CDATA[java.lang.NullPointerException
	at com.pskindero.spring.shell.SimpleExample.SimpleCommandTest.dateTest(SimpleCommandTest.java:28)
	at sun.reflect.NativeMethodAccessorImpl.invoke0(Native Method)
	at sun.reflect.NativeMethodAccessorImpl.invoke(NativeMethodAccessorImpl.java:62)
	at sun.reflect.DelegatingMethodAccessorImpl.invoke(DelegatingMethodAccessorImpl.java:43)
	at java.lang.reflect.Method.invoke(Method.java:498)
	at org.testng.internal.MethodInvocationHelper.invokeMethod(MethodInvocationHelper.java:104)
	at org.testng.internal.Invoker.invokeMethod(Invoker.java:645)
	at org.testng.internal.Invoker.invokeTestMethod(Invoker.java:851)
	at org.testng.internal.Invoker.invokeTestMethods(Invoker.java:1177)
	at org.testng.internal.TestMethodWorker.invokeTestMethods(TestMethodWorker.java:129)
	at org.testng.internal.TestMethodWorker.run(TestMethodWorker.java:112)
	at org.testng.TestRunner.privateRun(TestRunner.java:756)
	at org.testng.TestRunner.run(TestRunner.java:610)
	at org.testng.SuiteRunner.runTest(SuiteRunner.java:387)
	at org.testng.SuiteRunner.runSequentially(SuiteRunner.java:382)
	at org.testng.SuiteRunner.privateRun(SuiteRunner.java:340)
	at org.testng.SuiteRunner.run(SuiteRunner.java:289)
	at org.testng.SuiteRunnerWorker.runSuite(SuiteRunnerWorker.java:52)
	at org.testng.SuiteRunnerWorker.run(SuiteRunnerWorker.java:86)
	at org.testng.TestNG.runSuitesSequentially(TestNG.java:1293)
	at org.testng.TestNG.runSuitesLocally(TestNG.java:1218)
	at org.testng.TestNG.runSuites(TestNG.java:1133)
	at org.testng.TestNG.run(TestNG.java:1104)
	at org.testng.remote.AbstractRemoteTestNG.run(AbstractRemoteTestNG.java:132)
	at org.testng.remote.RemoteTestNG.initAndRun(RemoteTestNG.java:236)
	at org.testng.remote.RemoteTestNG.main(RemoteTestNG.java:81)
]]>
            </full-stacktrace>
          </exception> <!-- java.lang.NullPointerException -->
          <reporter-output>
          </reporter-output>
        </test-method> <!-- dateTest -->
        <test-method status="PASS" signature="shutdown()[pri:0, instance:com.pskindero.spring.shell.SimpleExample.SimpleCommandTest@cc285f4]" name="shutdown" is-config="true" duration-ms="0" started-at="2016-12-16T13:57:22Z" finished-at="2016-12-16T13:57:22Z">
          <reporter-output>
          </reporter-output>
        </test-method> <!-- shutdown -->
      </class> <!-- com.pskindero.spring.shell.SimpleExample.SimpleCommandTest -->
    </test> <!-- Default test -->
  </suite> <!-- Default suite -->
</testng-results>
